<?xml version="1.0" encoding="UTF-8"?>
<!-- Generated by org.testng.reporters.JUnitReportReporter -->
<testsuite skipped="0" hostname="b39855dd8476" name="com.ducksearch.tests.SearchPageTest" tests="3" failures="0" timestamp="2019-10-27T13:51:52 GMT" time="7.251" errors="0">
  <testcase name="searchTest" time="2.470" classname="com.ducksearch.tests.SearchPageTest"/>
  <testcase name="searchTest" time="2.398" classname="com.ducksearch.tests.SearchPageTest"/>
  <testcase name="searchTest" time="2.383" classname="com.ducksearch.tests.SearchPageTest"/>
</testsuite> <!-- com.ducksearch.tests.SearchPageTest -->
