<?xml version="1.0" encoding="UTF-8"?>
<!-- Generated by org.testng.reporters.JUnitReportReporter -->
<testsuite hostname="AnilKumarCh" failures="0" tests="2" name="com.ducksearch.tests.SearchPageTest" time="32.127" errors="0" timestamp="2019-10-27T15:35:20 IST" skipped="0">
  <testcase classname="com.ducksearch.tests.SearchPageTest" name="searchTest" time="16.332"/>
  <testcase classname="com.ducksearch.tests.SearchPageTest" name="searchTest" time="15.795"/>
</testsuite> <!-- com.ducksearch.tests.SearchPageTest -->
