<?xml version="1.0" encoding="UTF-8"?>
<!-- Generated by org.testng.reporters.JUnitReportReporter -->
<testsuite hostname="AnilKumarCh" failures="0" tests="20" name="com.newtours.tests.BookFlightTest" time="42.741" errors="0" timestamp="2019-10-27T14:47:53 IST" skipped="0">
  <testcase classname="com.newtours.tests.BookFlightTest" name="registrationConfirmationTest" time="1.508"/>
  <testcase classname="com.newtours.tests.BookFlightTest" name="findFlightPageTest" time="2.177"/>
  <testcase classname="com.newtours.tests.BookFlightTest" name="registrationPageTest" time="4.857"/>
  <testcase classname="com.newtours.tests.BookFlightTest" name="findFlightPageTest" time="2.574"/>
  <testcase classname="com.newtours.tests.BookFlightTest" name="flightConfirmationPageTest" time="1.426"/>
  <testcase classname="com.newtours.tests.BookFlightTest" name="registrationConfirmationTest" time="1.426"/>
  <testcase classname="com.newtours.tests.BookFlightTest" name="flightDetailsPageTest" time="0.905"/>
  <testcase classname="com.newtours.tests.BookFlightTest" name="registrationConfirmationTest" time="1.186"/>
  <testcase classname="com.newtours.tests.BookFlightTest" name="flightConfirmationPageTest" time="1.248"/>
  <testcase classname="com.newtours.tests.BookFlightTest" name="flightDetailsPageTest" time="1.449"/>
  <testcase classname="com.newtours.tests.BookFlightTest" name="flightConfirmationPageTest" time="1.646"/>
  <testcase classname="com.newtours.tests.BookFlightTest" name="registrationPageTest" time="4.836"/>
  <testcase classname="com.newtours.tests.BookFlightTest" name="findFlightPageTest" time="2.295"/>
  <testcase classname="com.newtours.tests.BookFlightTest" name="flightDetailsPageTest" time="1.235"/>
  <testcase classname="com.newtours.tests.BookFlightTest" name="registrationConfirmationTest" time="1.094"/>
  <testcase classname="com.newtours.tests.BookFlightTest" name="registrationPageTest" time="3.847"/>
  <testcase classname="com.newtours.tests.BookFlightTest" name="findFlightPageTest" time="2.543"/>
  <testcase classname="com.newtours.tests.BookFlightTest" name="flightConfirmationPageTest" time="1.835"/>
  <testcase classname="com.newtours.tests.BookFlightTest" name="registrationPageTest" time="3.618"/>
  <testcase classname="com.newtours.tests.BookFlightTest" name="flightDetailsPageTest" time="1.036"/>
</testsuite> <!-- com.newtours.tests.BookFlightTest -->
